[08:26:41] [INFO] More Chickens PreInit...
[08:27:38] [INFO] More Chickens Init...
[08:27:38] [INFO] Looking for More Chickens addon...
[08:27:38] [INFO] Loading More Chickens addon...
[08:27:38] [INFO] Looking for Base Metals addon...
[08:27:38] [INFO] Loading Base Metals addon...
[08:27:38] [ERROR] Error Registering (basemetals) Chicken: 'malachitechicken' It's LayItem was null
[08:27:38] [ERROR] Error Registering (basemetals) Chicken: 'peridotchicken' It's LayItem was null
[08:27:38] [ERROR] Error Registering (basemetals) Chicken: 'garnetchicken' It's LayItem was null
[08:27:38] [INFO] Looking for Botania addon...
[08:27:38] [INFO] Loading Botania addon...
[08:27:38] [INFO] Looking for Draconic Evolution addon...
[08:27:38] [INFO] Loading Draconic Evolution addon...
[08:27:38] [INFO] Looking for EnderIO addon...
[08:27:38] [INFO] Loading EnderIO addon...
[08:27:38] [INFO] Looking for Extreme Reactors addon...
[08:27:38] [INFO] Looking for Immersive Engineering addon...
[08:27:38] [INFO] Loading Immersive Engineering addon...
[08:27:38] [INFO] Looking for Mekanism addon...
[08:27:38] [INFO] Loading Mekanism addon...
[08:27:38] [INFO] Looking for Thermal Foundation addon...
[08:27:38] [INFO] Loading Thermal Foundation addon...
[08:27:38] [INFO] Looking for Tinkers Construct addon...
[08:27:38] [INFO] Loading Tinkers Construct addon...
[08:27:38] [INFO] Looking for Ars Magica 2 addon...
[08:27:38] [INFO] Looking for EvilCraft addon...
[08:27:38] [INFO] Looking for MineFactory Reloaded addon...
[08:27:38] [INFO] Looking for Actually Additions addon...
[08:27:38] [INFO] Loading Actually Additions addon...
[08:27:38] [INFO] Looking for Extra Utilities 2 addon...
[08:27:38] [INFO] Loading Extra Utilities 2 addon...
[08:27:38] [INFO] Looking for Refined Storage addon...
[08:27:38] [INFO] Looking for Tech Reborn addon...
[08:27:38] [INFO] Loading Tech Reborn addon...
[08:27:38] [ERROR] Error Registering (techreborn) Chicken: 'yellowgarnetchicken' It's LayItem was null
[08:27:38] [ERROR] Error Registering (techreborn) Chicken: 'tungstensteelchicken' It's LayItem was null
[08:27:38] [ERROR] Error Registering (techreborn) Chicken: 'refinedironchicken' It's LayItem was null
[08:27:38] [ERROR] Could not find Parent 1 for xpChicken
[08:27:38] [ERROR] Could not find Parent 1 for invarchicken
[08:27:38] [ERROR] Could not find Parent 2 for electrumchicken
[08:27:38] [ERROR] Could not find Parent 1 for steelchicken
[08:27:38] [ERROR] Could not find Parent 2 for copperchicken
[08:27:38] [ERROR] Could not find Parent 1 for leadchicken
[08:27:38] [ERROR] Could not find Parent 1 for tinchicken
[08:27:38] [ERROR] Could not find Parent 1 for nickelchicken
[08:27:38] [ERROR] Could not find Parent 1 for zincchicken
[08:27:38] [ERROR] Could not find Parent 1 for silverorechicken
[08:27:38] [ERROR] Could not find Parent 1 for sulfurchicken
[08:27:38] [ERROR] Could not find Parent 2 for saltpeterchicken
[08:27:38] [ERROR] Could not find Parent 1 for siliconchicken
[08:27:38] [ERROR] Could not find Parent 1 for aluminumChicken
[08:27:38] [ERROR] Could not find Parent 2 for amberchicken
[08:27:38] [ERROR] Could not find Parent 1 for amethystchicken
[08:27:38] [ERROR] Could not find Parent 1 for tanzanitechicken
[08:27:38] [ERROR] Could not find Parent 1 for topazchicken
[08:27:38] [ERROR] Could not find Parent 2 for saltchicken
[08:27:38] [ERROR] Could not find Parent 1 for rubberchicken
[08:27:38] [ERROR] Could not find Parent 1 for manasteelchicken
[08:27:38] [ERROR] Could not find Parent 1 for terrasteelchicken
[08:27:38] [ERROR] Could not find Parent 2 for draconiumChicken
[08:27:38] [ERROR] Could not find Parent 2 for draconiumAwakenedChicken
[08:27:38] [ERROR] Could not find Parent 1 for electricalSteelChicken
[08:27:38] [ERROR] Could not find Parent 1 for energeticAlloyChicken
[08:27:38] [ERROR] Could not find Parent 2 for vibrantAlloyChicken
[08:27:38] [ERROR] Could not find Parent 1 for redstoneAlloyChicken
[08:27:38] [ERROR] Could not find Parent 1 for conductiveIronChicken
[08:27:38] [ERROR] Could not find Parent 1 for pulsatingIronChicken
[08:27:38] [ERROR] Could not find Parent 1 for darkSteelChicken
[08:27:38] [ERROR] Could not find Parent 1 for soulariumChicken
[08:27:38] [ERROR] Could not find Parent 1 for uraniumChicken
[08:27:38] [ERROR] Could not find Parent 1 for osmiumChicken
[08:27:38] [ERROR] Could not find Parent 2 for basalzRodChicken
[08:27:38] [ERROR] Could not find Parent 2 for blizzRodChicken
[08:27:38] [ERROR] Could not find Parent 1 for slagChicken
[08:27:38] [ERROR] Could not find Parent 2 for cinnabarChicken
[08:27:38] [ERROR] Could not find Parent 2 for enderiumChicken
[08:27:38] [ERROR] Could not find Parent 2 for lumiumChicken
[08:27:38] [ERROR] Could not find Parent 2 for mithrilChicken
[08:27:38] [ERROR] Could not find Parent 1 for arditeChicken
[08:27:38] [ERROR] Could not find Parent 2 for cobaltChicken
[08:27:38] [ERROR] Could not find Parent 2 for pigIronChicken
[08:27:38] [ERROR] Could not find Parent 1 for bloodSlime
[08:27:38] [ERROR] Could not find Parent 1 for magmaSlime
[08:27:38] [ERROR] Could not find Parent 1 for blueSlime
[08:27:38] [ERROR] Could not find Parent 1 for blackquartzchicken
[08:27:38] [ERROR] Could not find Parent 1 for restoniacrystalchicken
[08:27:38] [ERROR] Could not find Parent 1 for voidcrystalchicken
[08:27:38] [ERROR] Could not find Parent 2 for enoricrystalchicken
[08:27:38] [ERROR] Could not find Parent 2 for emeradiccrystalchicken
[08:27:38] [ERROR] Could not find Parent 1 for redstonecrystalchicken
[08:27:38] [ERROR] Could not find Parent 2 for stoneburntchicken
[08:27:38] [ERROR] Could not find Parent 2 for moonstonechicken
[08:27:38] [ERROR] Could not find Parent 1 for magicalwoodchicken
[08:27:38] [ERROR] Could not find Parent 1 for titaniumchicken
[08:27:38] [INFO] More Chickens Loading Config...
